Arguments: 
  /home/user0/.nvm/versions/node/v21.3.0/bin/node /home/user0/.yarn/bin/yarn init

PATH: 
  /home/user0/.local/share/pnpm:/home/user0/.nvm/versions/node/v21.3.0/bin:/usr/local/bin:/usr/bin:/bin:/usr/local/games:/usr/games:/home/user0/Android/Sdk/emulator:/home/user0/Android/Sdk/platform-tools:/home/user0/.yarn/bin:/home/user0/Android/Sdk/emulator:/home/user0/Android/Sdk/platform-tools:/home/user0/.yarn/bin

Yarn version: 
  1.22.19

Node version: 
  21.3.0

Platform: 
  linux x64

Trace: 
  Error: canceled
      at Interface.<anonymous> (/home/user0/.yarn/lib/node_modules/yarn/lib/cli.js:137150:13)
      at Interface.emit (node:events:519:28)
      at [_ttyWrite] [as _ttyWrite] (node:internal/readline/interface:1125:18)
      at ReadStream.onkeypress (node:internal/readline/interface:264:20)
      at ReadStream.emit (node:events:519:28)
      at emitKeys (node:internal/readline/utils:371:14)
      at emitKeys.next (<anonymous>)
      at ReadStream.onData (node:internal/readline/emitKeypressEvents:64:36)
      at ReadStream.emit (node:events:519:28)
      at addChunk (node:internal/streams/readable:559:12)

npm manifest: 
  No manifest

yarn manifest: 
  No manifest

Lockfile: 
  No lockfile
